SF:lib/core/service/network_services.dart
DA:10,0
DA:12,0
DA:16,0
DA:18,0
LF:4
LH:0
end_of_record
SF:lib/datasources/remote_datasource.dart
DA:11,1
DA:13,1
DA:15,2
DA:18,1
DA:19,4
LF:5
LH:5
end_of_record
SF:lib/model/post_model.dart
DA:9,1
DA:18,0
DA:24,0
DA:25,0
DA:26,0
DA:27,0
DA:28,0
DA:32,1
DA:33,1
DA:34,1
DA:35,1
DA:36,1
DA:37,1
DA:41,1
DA:42,1
DA:43,1
DA:44,1
DA:45,1
DA:46,1
DA:50,0
DA:52,0
DA:54,0
DA:56,0
DA:59,1
DA:64,3
DA:65,3
DA:66,3
DA:67,3
DA:70,0
DA:72,0
DA:73,0
DA:74,0
DA:75,0
LF:33
LH:18
end_of_record
